<?xml version="1.0" encoding="UTF-8"?>
<!-- Generated by org.testng.reporters.JUnitReportReporter -->
<testsuite skipped="0" hostname="LAPTOP-JML9HNE8" name="samplePrograms.Google" tests="1" failures="0" timestamp="2020-12-23T23:58:47 COT" time="9.866" errors="0">
  <testcase name="JenkinsTest" time="9.866" classname="samplePrograms.Google"/>
  <system-out/>
</testsuite> <!-- samplePrograms.Google -->
